<?xml version="1.0" encoding="UTF-8"?>
<!-- Generated by org.testng.reporters.JUnitReportReporter -->
<testsuite hostname="ADMIN" name="tests.FlightBookedConfirmtion" tests="2" failures="0" timestamp="7 Jul 2017 01:49:15 GMT" time="4.783" errors="0">
  <testcase name="isLoadTestTutorialDownloadable" time="4.703" classname="tests.FlightBookedConfirmtion"/>
  <testcase name="isUserLoggedIn" time="0.080" classname="tests.FlightBookedConfirmtion"/>
</testsuite> <!-- tests.FlightBookedConfirmtion -->
