<?xml version="1.0" encoding="UTF-8"?>
<!-- Generated by org.testng.reporters.JUnitReportReporter -->
<testsuite hostname="ADMIN" name="tests.LoginTest" tests="1" failures="0" timestamp="7 Jul 2017 01:49:15 GMT" time="0.066" errors="0">
  <testcase name="isUserLoggedIn" time="0.066" classname="tests.LoginTest"/>
</testsuite> <!-- tests.LoginTest -->
